(venv) shtlp_0147@SHTLP0147:~/python_miscellaneous/Unit test with pytest$ pytest -v test_demo.py
========================================== test session starts ==========================================
platform linux -- Python 3.10.12, pytest-8.3.3, pluggy-1.5.0 -- /home/shtlp_0147/python_miscellaneous/venv/bin/python
cachedir: .pytest_cache
rootdir: /home/shtlp_0147/python_miscellaneous/Unit test with pytest
collected 4 items                                                                                       

test_demo.py::TestDemo::test_add PASSED                                                           [ 25%]
test_demo.py::TestDemo::test_subtract PASSED                                                      [ 50%]
test_demo.py::TestDemo::test_multiply PASSED                                                      [ 75%]
test_demo.py::TestDemo::test_divide PASSED                                                        [100%]

=========================================== 4 passed in 0.02s ===========================================

(venv) shtlp_0147@SHTLP0147:~/python_miscellaneous/Unit test with pytest$ py.test -v
========================================== test session starts ==========================================
platform linux -- Python 3.10.12, pytest-8.3.3, pluggy-1.5.0 -- /home/shtlp_0147/python_miscellaneous/venv/bin/python
cachedir: .pytest_cache
rootdir: /home/shtlp_0147/python_miscellaneous/Unit test with pytest
collected 4 items                                                                                       

test_demo.py::TestDemo::test_add PASSED                                                           [ 25%]
test_demo.py::TestDemo::test_subtract PASSED                                                      [ 50%]
test_demo.py::TestDemo::test_multiply PASSED                                                      [ 75%]
test_demo.py::TestDemo::test_divide PASSED                                                        [100%]

=========================================== 4 passed in 0.01s ===========================================

(venv) shtlp_0147@SHTLP0147:~/python_miscellaneous/Unit test with pytest$ py.test -v
========================================== test session starts ==========================================
platform linux -- Python 3.10.12, pytest-8.3.3, pluggy-1.5.0 -- /home/shtlp_0147/python_miscellaneous/venv/bin/python
cachedir: .pytest_cache
rootdir: /home/shtlp_0147/python_miscellaneous/Unit test with pytest
collected 6 items                                                                                       

test_demo.py::TestDemo::test_add PASSED                                                           [ 16%]
test_demo.py::TestDemo::test_subtract PASSED                                                      [ 33%]
test_demo.py::TestDemo::test_multiply PASSED                                                      [ 50%]
test_demo.py::TestDemo::test_divide PASSED                                                        [ 66%]
test_demo.py::TestDemo::test_consonents PASSED                                                    [ 83%]
test_demo.py::TestDemo::test_vowels PASSED                                                        [100%]

=========================================== 6 passed in 0.01s ===========================================

(venv) shtlp_0147@SHTLP0147:~/python_miscellaneous/Unit test with pytest$ pytest test_demo.py::TestDemo::test_vowels -v
========================================== test session starts ==========================================
platform linux -- Python 3.10.12, pytest-8.3.3, pluggy-1.5.0 -- /home/shtlp_0147/python_miscellaneous/venv/bin/python
cachedir: .pytest_cache
rootdir: /home/shtlp_0147/python_miscellaneous/Unit test with pytest
collected 1 item                                                                                        

test_demo.py::TestDemo::test_vowels PASSED                                                        [100%]

=========================================== 1 passed in 0.00s ===========================================

(venv) shtlp_0147@SHTLP0147:~/python_miscellaneous/Unit test with pytest$ pytest -v -k "not vowel and not
 consonent"
========================================== test session starts ==========================================
platform linux -- Python 3.10.12, pytest-8.3.3, pluggy-1.5.0 -- /home/shtlp_0147/python_miscellaneous/venv/bin/python
cachedir: .pytest_cache
rootdir: /home/shtlp_0147/python_miscellaneous/Unit test with pytest
collected 6 items / 2 deselected / 4 selected                                                           

test_demo.py::TestDemo::test_add PASSED                                                           [ 25%]
test_demo.py::TestDemo::test_subtract PASSED                                                      [ 50%]
test_demo.py::TestDemo::test_multiply PASSED                                                      [ 75%]
test_demo.py::TestDemo::test_divide PASSED                                                        [100%]

==================================== 4 passed, 2 deselected in 0.01s ====================================

(venv) shtlp_0147@SHTLP0147:~/python_miscellaneous/Unit test with pytest$ pytest -v -k "vowel or consonen
t"
========================================== test session starts ==========================================
platform linux -- Python 3.10.12, pytest-8.3.3, pluggy-1.5.0 -- /home/shtlp_0147/python_miscellaneous/venv/bin/python
cachedir: .pytest_cache
rootdir: /home/shtlp_0147/python_miscellaneous/Unit test with pytest
collected 6 items / 4 deselected / 2 selected                                                           

test_demo.py::TestDemo::test_consonents PASSED                                                    [ 50%]
test_demo.py::TestDemo::test_vowels PASSED                                                        [100%]

==================================== 2 passed, 4 deselected in 0.01s ====================================

(venv) shtlp_0147@SHTLP0147:~/python_miscellaneous/Unit test with pytest$ pytest -v -m "number"
========================================== test session starts ==========================================
platform linux -- Python 3.10.12, pytest-8.3.3, pluggy-1.5.0 -- /home/shtlp_0147/python_miscellaneous/venv/bin/python
cachedir: .pytest_cache
rootdir: /home/shtlp_0147/python_miscellaneous/Unit test with pytest
configfile: pytest.ini
collected 6 items / 2 deselected / 4 selected                                                           

test_demo.py::TestDemo::test_add PASSED                                                           [ 25%]
test_demo.py::TestDemo::test_subtract PASSED                                                      [ 50%]
test_demo.py::TestDemo::test_multiply PASSED                                                      [ 75%]
test_demo.py::TestDemo::test_divide PASSED                                                        [100%]

==================================== 4 passed, 2 deselected in 0.01s ====================================

(venv) shtlp_0147@SHTLP0147:~/python_miscellaneous/Unit test with pytest$ pytest -v -x
========================================== test session starts ==========================================
platform linux -- Python 3.10.12, pytest-8.3.3, pluggy-1.5.0 -- /home/shtlp_0147/python_miscellaneous/venv/bin/python
cachedir: .pytest_cache
rootdir: /home/shtlp_0147/python_miscellaneous/Unit test with pytest
configfile: pytest.ini
collected 7 items                                                                                       

test_demo.py::TestDemo::test_add PASSED                                                           [ 14%]
test_demo.py::TestDemo::test_subtract PASSED                                                      [ 28%]
test_demo.py::TestDemo::test_multiply PASSED                                                      [ 42%]
test_demo.py::TestDemo::test_divide PASSED                                                        [ 57%]
test_demo.py::TestDemo::test_divide_by_zero FAILED                                                [ 71%]

=============================================== FAILURES ================================================
_____________________________________ TestDemo.test_divide_by_zero ______________________________________

self = <test_demo.TestDemo object at 0x7fba558a2260>

    def test_divide_by_zero(self):
>       assert self.arithmetic.divide(1/0)
E       ZeroDivisionError: division by zero

test_demo.py:38: ZeroDivisionError
======================================== short test summary info ========================================
FAILED test_demo.py::TestDemo::test_divide_by_zero - ZeroDivisionError: division by zero
!!!!!!!!!!!!!!!!!!!!!!!!!!!!!!!!!!!!!!! stopping after 1 failures !!!!!!!!!!!!!!!!!!!!!!!!!!!!!!!!!!!!!!!
====================================== 1 failed, 4 passed in 0.04s ======================================
(venv) shtlp_0147@SHTLP0147:~/python_miscellaneous/Unit test with pytest$ pytest -v
========================================== test session starts ==========================================
platform linux -- Python 3.10.12, pytest-8.3.3, pluggy-1.5.0 -- /home/shtlp_0147/python_miscellaneous/venv/bin/python
cachedir: .pytest_cache
rootdir: /home/shtlp_0147/python_miscellaneous/Unit test with pytest
configfile: pytest.ini
collected 7 items                                                                                       

test_demo.py::TestDemo::test_add PASSED                                                           [ 14%]
test_demo.py::TestDemo::test_subtract PASSED                                                      [ 28%]
test_demo.py::TestDemo::test_multiply PASSED                                                      [ 42%]
test_demo.py::TestDemo::test_divide PASSED                                                        [ 57%]
test_demo.py::TestDemo::test_divide_by_zero FAILED                                                [ 71%]
test_demo.py::TestDemo::test_consonents PASSED                                                    [ 85%]
test_demo.py::TestDemo::test_vowels PASSED                                                        [100%]

=============================================== FAILURES ================================================
_____________________________________ TestDemo.test_divide_by_zero ______________________________________

self = <test_demo.TestDemo object at 0x7f6c7fff0fd0>

    def test_divide_by_zero(self):
>       assert self.arithmetic.divide(1/0)
E       ZeroDivisionError: division by zero

test_demo.py:38: ZeroDivisionError
======================================== short test summary info ========================================
FAILED test_demo.py::TestDemo::test_divide_by_zero - ZeroDivisionError: division by zero
====================================== 1 failed, 6 passed in 0.03s ======================================

(venv) shtlp_0147@SHTLP0147:~/python_miscellaneous/Unit test with pytest$ pytest -v -x --tb=no
========================================== test session starts ==========================================
platform linux -- Python 3.10.12, pytest-8.3.3, pluggy-1.5.0 -- /home/shtlp_0147/python_miscellaneous/venv/bin/python
cachedir: .pytest_cache
rootdir: /home/shtlp_0147/python_miscellaneous/Unit test with pytest
configfile: pytest.ini
collected 7 items                                                                                       

test_demo.py::TestDemo::test_add PASSED                                                           [ 14%]
test_demo.py::TestDemo::test_subtract PASSED                                                      [ 28%]
test_demo.py::TestDemo::test_multiply PASSED                                                      [ 42%]
test_demo.py::TestDemo::test_divide PASSED                                                        [ 57%]
test_demo.py::TestDemo::test_divide_by_zero FAILED                                                [ 71%]

======================================== short test summary info ========================================
FAILED test_demo.py::TestDemo::test_divide_by_zero - ZeroDivisionError: division by zero
!!!!!!!!!!!!!!!!!!!!!!!!!!!!!!!!!!!!!!! stopping after 1 failures !!!!!!!!!!!!!!!!!!!!!!!!!!!!!!!!!!!!!!!
====================================== 1 failed, 4 passed in 0.01s ======================================

(venv) shtlp_0147@SHTLP0147:~/python_miscellaneous/Unit test with pytest$ pytest -v --maxfail=1
========================================== test session starts ==========================================
platform linux -- Python 3.10.12, pytest-8.3.3, pluggy-1.5.0 -- /home/shtlp_0147/python_miscellaneous/venv/bin/python
cachedir: .pytest_cache
rootdir: /home/shtlp_0147/python_miscellaneous/Unit test with pytest
configfile: pytest.ini
collected 7 items                                                                                       

test_demo.py::TestDemo::test_add PASSED                                                           [ 14%]
test_demo.py::TestDemo::test_subtract PASSED                                                      [ 28%]
test_demo.py::TestDemo::test_multiply PASSED                                                      [ 42%]
test_demo.py::TestDemo::test_divide PASSED                                                        [ 57%]
test_demo.py::TestDemo::test_divide_by_zero FAILED                                                [ 71%]

=============================================== FAILURES ================================================
_____________________________________ TestDemo.test_divide_by_zero ______________________________________

self = <test_demo.TestDemo object at 0x7facaae84fa0>

    def test_divide_by_zero(self):
>       assert self.arithmetic.divide(1/0)
E       ZeroDivisionError: division by zero

test_demo.py:38: ZeroDivisionError
======================================== short test summary info ========================================
FAILED test_demo.py::TestDemo::test_divide_by_zero - ZeroDivisionError: division by zero
!!!!!!!!!!!!!!!!!!!!!!!!!!!!!!!!!!!!!!! stopping after 1 failures !!!!!!!!!!!!!!!!!!!!!!!!!!!!!!!!!!!!!!!
====================================== 1 failed, 4 passed in 0.02s ======================================

(venv) shtlp_0147@SHTLP0147:~/python_miscellaneous/Unit test with pytest$ pytest -v --maxfail=2
========================================== test session starts ==========================================
platform linux -- Python 3.10.12, pytest-8.3.3, pluggy-1.5.0 -- /home/shtlp_0147/python_miscellaneous/venv/bin/python
cachedir: .pytest_cache
rootdir: /home/shtlp_0147/python_miscellaneous/Unit test with pytest
configfile: pytest.ini
collected 7 items                                                                                       

test_demo.py::TestDemo::test_add PASSED                                                           [ 14%]
test_demo.py::TestDemo::test_subtract PASSED                                                      [ 28%]
test_demo.py::TestDemo::test_multiply PASSED                                                      [ 42%]
test_demo.py::TestDemo::test_divide PASSED                                                        [ 57%]
test_demo.py::TestDemo::test_divide_by_zero FAILED                                                [ 71%]
test_demo.py::TestDemo::test_consonents PASSED                                                    [ 85%]
test_demo.py::TestDemo::test_vowels PASSED                                                        [100%]

=============================================== FAILURES ================================================
_____________________________________ TestDemo.test_divide_by_zero ______________________________________

self = <test_demo.TestDemo object at 0x7f408ba39000>

    def test_divide_by_zero(self):
>       assert self.arithmetic.divide(1/0)
E       ZeroDivisionError: division by zero

test_demo.py:38: ZeroDivisionError
======================================== short test summary info ========================================
FAILED test_demo.py::TestDemo::test_divide_by_zero - ZeroDivisionError: division by zero
====================================== 1 failed, 6 passed in 0.02s ======================================

(venv) shtlp_0147@SHTLP0147:~/python_miscellaneous/Unit test with pytest$ pytest -v
========================================== test session starts ==========================================
platform linux -- Python 3.10.12, pytest-8.3.3, pluggy-1.5.0 -- /home/shtlp_0147/python_miscellaneous/venv/bin/python
cachedir: .pytest_cache
rootdir: /home/shtlp_0147/python_miscellaneous/Unit test with pytest
configfile: pytest.ini
collected 7 items                                                                                       

test_demo.py::TestDemo::test_add PASSED                                                           [ 14%]
test_demo.py::TestDemo::test_subtract PASSED                                                      [ 28%]
test_demo.py::TestDemo::test_multiply PASSED                                                      [ 42%]
test_demo.py::TestDemo::test_divide PASSED                                                        [ 57%]
test_demo.py::TestDemo::test_divide_by_zero SKIPPED (Throws Divide by zero error)                 [ 71%]
test_demo.py::TestDemo::test_consonents PASSED                                                    [ 85%]
test_demo.py::TestDemo::test_vowels PASSED                                                        [100%]

===================================== 6 passed, 1 skipped in 0.03s ======================================

(venv) shtlp_0147@SHTLP0147:~/python_miscellaneous/Unit test with pytest$ pytest -v
========================================== test session starts ==========================================
platform linux -- Python 3.10.12, pytest-8.3.3, pluggy-1.5.0 -- /home/shtlp_0147/python_miscellaneous/venv/bin/python
cachedir: .pytest_cache
rootdir: /home/shtlp_0147/python_miscellaneous/Unit test with pytest
configfile: pytest.ini
collected 8 items                                                                                       

test_demo.py::TestDemo::test_add PASSED                                                           [ 12%]
test_demo.py::TestDemo::test_subtract PASSED                                                      [ 25%]
test_demo.py::TestDemo::test_multiply PASSED                                                      [ 37%]
test_demo.py::TestDemo::test_divide PASSED                                                        [ 50%]
test_demo.py::TestDemo::test_divide_by_zero SKIPPED (Throws Divide by zero error)                 [ 62%]
test_demo.py::TestDemo::test_consonents PASSED                                                    [ 75%]
test_demo.py::TestDemo::test_vowels PASSED                                                        [ 87%]
test_demo.py::TestDemo::test_greet SKIPPED (<skipif> Now is past noon)                            [100%]

===================================== 6 passed, 2 skipped in 0.01s ======================================(venv) shtlp_0147@SHTLP0147:~/python_miscellaneous/Unit test with pytest$ pytest -v -s
========================================== test session starts ==========================================
platform linux -- Python 3.10.12, pytest-8.3.3, pluggy-1.5.0 -- /home/shtlp_0147/python_miscellaneous/venv/bin/python
cachedir: .pytest_cache
rootdir: /home/shtlp_0147/python_miscellaneous/Unit test with pytest
configfile: pytest.ini
collected 8 items                                                                                       

test_demo.py::TestDemo::test_add add
PASSED
test_demo.py::TestDemo::test_subtract PASSED
test_demo.py::TestDemo::test_multiply PASSED
test_demo.py::TestDemo::test_divide PASSED
test_demo.py::TestDemo::test_divide_by_zero SKIPPED (Throws Divide by zero error)
test_demo.py::TestDemo::test_consonents PASSED
test_demo.py::TestDemo::test_vowels PASSED
test_demo.py::TestDemo::test_greet SKIPPED (<skipif> Now is past noon)

===================================== 6 passed, 2 skipped in 0.02s ======================================

(venv) shtlp_0147@SHTLP0147:~/python_miscellaneous/Unit test with pytest$ pytest -q
....s..s                                                                                          [100%]
6 passed, 2 skipped in 0.02s

xxxxxxxxxxxxxxxxxxxxxxxxxxxxxx END OF TUTORIAL 2 XXXXXXXXXXXXXXXXXXXXXXXXXXXXXXXXXX